2021-07-11 12:58:48.916 [info] <0.44.0> Application logger started on node nonode@nohost
2021-07-11 12:58:48.924 [info] <0.44.0> Application runtime_tools started on node nonode@nohost
2021-07-11 12:58:48.924 [info] <0.44.0> Application xmerl started on node nonode@nohost
2021-07-11 12:58:48.959 [info] <0.44.0> Application sasl started on node nonode@nohost
2021-07-11 12:58:48.960 [info] <0.44.0> Application tools started on node nonode@nohost
2021-07-11 12:58:48.960 [info] <0.44.0> Application jsx started on node nonode@nohost
2021-07-11 12:58:48.960 [info] <0.44.0> Application recon started on node nonode@nohost
2021-07-11 12:58:49.068 [info] <0.44.0> Application credentials_obfuscation started on node nonode@nohost
2021-07-11 12:58:49.068 [info] <0.44.0> Application rabbit_common started on node nonode@nohost
2021-07-11 12:58:49.100 [info] <0.44.0> Application amqp_client started on node nonode@nohost
2021-07-11 12:58:49.107 [info] <0.44.0> Application amqp started on node nonode@nohost
2021-07-11 12:58:49.107 [info] <0.44.0> Application decimal started on node nonode@nohost
2021-07-11 12:58:49.112 [info] <0.44.0> Application ecto started on node nonode@nohost
2021-07-11 12:58:49.113 [info] <0.44.0> Application phoenix_ecto started on node nonode@nohost
2021-07-11 12:58:49.114 [info] <0.44.0> Application connection started on node nonode@nohost
2021-07-11 12:58:49.144 [info] <0.44.0> Application db_connection started on node nonode@nohost
2021-07-11 12:58:49.146 [info] <0.44.0> Application ecto_sql started on node nonode@nohost
2021-07-11 12:58:49.179 [info] <0.44.0> Application postgrex started on node nonode@nohost
2021-07-11 12:58:49.180 [info] <0.44.0> Application phoenix_html started on node nonode@nohost
2021-07-11 12:58:49.182 [info] <0.44.0> Application phoenix_live_view started on node nonode@nohost
2021-07-11 12:58:49.182 [info] <0.44.0> Application telemetry_metrics started on node nonode@nohost
2021-07-11 12:58:49.213 [info] <0.44.0> Application phoenix_live_dashboard started on node nonode@nohost
2021-07-11 12:58:49.226 [info] <0.44.0> Application telemetry_poller started on node nonode@nohost
2021-07-11 12:58:49.226 [info] <0.44.0> Application jason started on node nonode@nohost
2021-07-11 12:58:49.226 [info] <0.44.0> Application cowlib started on node nonode@nohost
2021-07-11 12:58:49.319 [info] <0.44.0> Application ranch started on node nonode@nohost
2021-07-11 12:58:49.387 [info] <0.44.0> Application cowboy started on node nonode@nohost
2021-07-11 12:58:49.387 [info] <0.44.0> Application cowboy_telemetry started on node nonode@nohost
2021-07-11 12:58:49.409 [info] <0.44.0> Application plug_cowboy started on node nonode@nohost
2021-07-11 12:58:49.409 [info] <0.44.0> Application json started on node nonode@nohost
2021-07-11 13:04:14.759 [info] <0.44.0> Application logger started on node nonode@nohost
2021-07-11 13:04:14.775 [info] <0.44.0> Application runtime_tools started on node nonode@nohost
2021-07-11 13:04:14.775 [info] <0.44.0> Application xmerl started on node nonode@nohost
2021-07-11 13:04:14.793 [info] <0.44.0> Application sasl started on node nonode@nohost
2021-07-11 13:04:14.793 [info] <0.44.0> Application tools started on node nonode@nohost
2021-07-11 13:04:14.793 [info] <0.44.0> Application jsx started on node nonode@nohost
2021-07-11 13:04:14.793 [info] <0.44.0> Application recon started on node nonode@nohost
2021-07-11 13:04:14.880 [info] <0.44.0> Application credentials_obfuscation started on node nonode@nohost
2021-07-11 13:04:14.881 [info] <0.44.0> Application rabbit_common started on node nonode@nohost
2021-07-11 13:04:14.904 [info] <0.44.0> Application amqp_client started on node nonode@nohost
2021-07-11 13:04:14.918 [info] <0.44.0> Application amqp started on node nonode@nohost
2021-07-11 13:04:14.918 [info] <0.44.0> Application decimal started on node nonode@nohost
2021-07-11 13:04:14.926 [info] <0.44.0> Application ecto started on node nonode@nohost
2021-07-11 13:04:14.928 [info] <0.44.0> Application phoenix_ecto started on node nonode@nohost
2021-07-11 13:04:14.929 [info] <0.44.0> Application connection started on node nonode@nohost
2021-07-11 13:04:14.954 [info] <0.44.0> Application db_connection started on node nonode@nohost
2021-07-11 13:04:14.956 [info] <0.44.0> Application ecto_sql started on node nonode@nohost
2021-07-11 13:04:14.988 [info] <0.44.0> Application postgrex started on node nonode@nohost
2021-07-11 13:04:14.989 [info] <0.44.0> Application phoenix_html started on node nonode@nohost
2021-07-11 13:04:14.991 [info] <0.44.0> Application phoenix_live_view started on node nonode@nohost
2021-07-11 13:04:14.991 [info] <0.44.0> Application telemetry_metrics started on node nonode@nohost
2021-07-11 13:04:14.999 [info] <0.44.0> Application phoenix_live_dashboard started on node nonode@nohost
2021-07-11 13:04:15.008 [info] <0.44.0> Application telemetry_poller started on node nonode@nohost
2021-07-11 13:04:15.008 [info] <0.44.0> Application jason started on node nonode@nohost
2021-07-11 13:04:15.008 [info] <0.44.0> Application cowlib started on node nonode@nohost
2021-07-11 13:04:15.031 [info] <0.44.0> Application ranch started on node nonode@nohost
2021-07-11 13:04:15.042 [info] <0.44.0> Application cowboy started on node nonode@nohost
2021-07-11 13:04:15.042 [info] <0.44.0> Application cowboy_telemetry started on node nonode@nohost
2021-07-11 13:04:15.047 [info] <0.44.0> Application plug_cowboy started on node nonode@nohost
2021-07-11 13:04:15.047 [info] <0.44.0> Application json started on node nonode@nohost
2021-07-11 13:04:15.513 [info] <0.44.0> Application cz_health started on node nonode@nohost
2021-07-11 13:04:33.182 [error] <0.541.0> CRASH REPORT Process <0.541.0> with 0 neighbours exited with reason: {{{{#{'__exception__' => true,'__struct__' => 'Elixir.Phoenix.Ecto.PendingMigrationError',repo => 'Elixir.CzHealth.Repo'},[{'Elixir.Phoenix.Ecto.CheckRepoStatus','check_pending_migrations!',2,[{file,"lib/phoenix_ecto/check_repo_status.ex"},{line,67}]},{'Elixir.Phoenix.Ecto.CheckRepoStatus','-call/2-fun-0-',3,[{file,"lib/phoenix_ecto/check_repo_status.ex"},{line,27}]},{'Elixir.Enum','-reduce/3-lists^foldl/2-0-',3,[{file,"lib/enum.ex"},{line,2193}]},{'Elixir.Phoenix.Ecto.CheckRepoStatus',call,...},...]},...},...},...}
2021-07-11 13:04:33.264 [error] <0.541.0> Cowboy stream 1 with ranch listener 'Elixir.CzHealthWeb.Endpoint.HTTP' and connection process <0.540.0> had its request process exit with reason: {{{#{'__exception__' => true,'__struct__' => 'Elixir.Phoenix.Ecto.PendingMigrationError',repo => 'Elixir.CzHealth.Repo'},[{'Elixir.Phoenix.Ecto.CheckRepoStatus','check_pending_migrations!',2,[{file,"lib/phoenix_ecto/check_repo_status.ex"},{line,67}]},{'Elixir.Phoenix.Ecto.CheckRepoStatus','-call/2-fun-0-',3,[{file,"lib/phoenix_ecto/check_repo_status.ex"},{line,27}]},{'Elixir.Enum','-reduce/3-lists^foldl/2-0-',3,[{file,"lib/enum.ex"},{line,2193}]},{'Elixir.Phoenix.Ecto.CheckRepoStatus',call,...},...]},...},...}
2021-07-11 13:04:33.852 [error] <0.544.0> CRASH REPORT Process <0.544.0> with 0 neighbours exited with reason: {{{{#{'__exception__' => true,'__struct__' => 'Elixir.Phoenix.Ecto.PendingMigrationError',repo => 'Elixir.CzHealth.Repo'},[{'Elixir.Phoenix.Ecto.CheckRepoStatus','check_pending_migrations!',2,[{file,"lib/phoenix_ecto/check_repo_status.ex"},{line,67}]},{'Elixir.Phoenix.Ecto.CheckRepoStatus','-call/2-fun-0-',3,[{file,"lib/phoenix_ecto/check_repo_status.ex"},{line,27}]},{'Elixir.Enum','-reduce/3-lists^foldl/2-0-',3,[{file,"lib/enum.ex"},{line,2193}]},{'Elixir.Phoenix.Ecto.CheckRepoStatus',call,...},...]},...},...},...}
2021-07-11 13:04:33.856 [error] <0.544.0> Cowboy stream 2 with ranch listener 'Elixir.CzHealthWeb.Endpoint.HTTP' and connection process <0.540.0> had its request process exit with reason: {{{#{'__exception__' => true,'__struct__' => 'Elixir.Phoenix.Ecto.PendingMigrationError',repo => 'Elixir.CzHealth.Repo'},[{'Elixir.Phoenix.Ecto.CheckRepoStatus','check_pending_migrations!',2,[{file,"lib/phoenix_ecto/check_repo_status.ex"},{line,67}]},{'Elixir.Phoenix.Ecto.CheckRepoStatus','-call/2-fun-0-',3,[{file,"lib/phoenix_ecto/check_repo_status.ex"},{line,27}]},{'Elixir.Enum','-reduce/3-lists^foldl/2-0-',3,[{file,"lib/enum.ex"},{line,2193}]},{'Elixir.Phoenix.Ecto.CheckRepoStatus',call,...},...]},...},...}
2021-07-11 13:04:54.472 [error] <0.547.0> CRASH REPORT Process <0.547.0> with 0 neighbours exited with reason: {{{{#{'__exception__' => true,'__struct__' => 'Elixir.CompileError',description => <<"undefined function field/2">>,file => <<"/home/emoura/Workspace/covid-zone/elixir_services/cz_health/_build/dev/lib/cz_health/priv/repo/migrations/20210711151702_create_users_table.exs">>,line => 6},[{elixir_locals,'-ensure_no_undefined_local/3-fun-1-',3,[{file,"src/elixir_locals.erl"},{line,114}]},{elixir_def,fetch_definitions,2,[{file,"src/elixir_def.erl"},{line,64}]},{elixir_module,compile,5,[{file,"..."},...]},...]},...},...},...}
2021-07-11 13:04:54.476 [error] <0.547.0> Cowboy stream 1 with ranch listener 'Elixir.CzHealthWeb.Endpoint.HTTP' and connection process <0.546.0> had its request process exit with reason: {{{#{'__exception__' => true,'__struct__' => 'Elixir.CompileError',description => <<"undefined function field/2">>,file => <<"/home/emoura/Workspace/covid-zone/elixir_services/cz_health/_build/dev/lib/cz_health/priv/repo/migrations/20210711151702_create_users_table.exs">>,line => 6},[{elixir_locals,'-ensure_no_undefined_local/3-fun-1-',3,[{file,"src/elixir_locals.erl"},{line,114}]},{elixir_def,fetch_definitions,2,[{file,"src/elixir_def.erl"},{line,64}]},{elixir_module,compile,5,[{file,"sr..."},...]},...]},...},...}
2021-07-11 13:04:54.831 [error] <0.551.0> CRASH REPORT Process <0.551.0> with 0 neighbours exited with reason: {{{{#{'__exception__' => true,'__struct__' => 'Elixir.Phoenix.Ecto.PendingMigrationError',repo => 'Elixir.CzHealth.Repo'},[{'Elixir.Phoenix.Ecto.CheckRepoStatus','check_pending_migrations!',2,[{file,"lib/phoenix_ecto/check_repo_status.ex"},{line,67}]},{'Elixir.Phoenix.Ecto.CheckRepoStatus','-call/2-fun-0-',3,[{file,"lib/phoenix_ecto/check_repo_status.ex"},{line,27}]},{'Elixir.Enum','-reduce/3-lists^foldl/2-0-',3,[{file,"lib/enum.ex"},{line,2193}]},{'Elixir.Phoenix.Ecto.CheckRepoStatus',call,...},...]},...},...},...}
2021-07-11 13:04:54.836 [error] <0.551.0> Cowboy stream 2 with ranch listener 'Elixir.CzHealthWeb.Endpoint.HTTP' and connection process <0.546.0> had its request process exit with reason: {{{#{'__exception__' => true,'__struct__' => 'Elixir.Phoenix.Ecto.PendingMigrationError',repo => 'Elixir.CzHealth.Repo'},[{'Elixir.Phoenix.Ecto.CheckRepoStatus','check_pending_migrations!',2,[{file,"lib/phoenix_ecto/check_repo_status.ex"},{line,67}]},{'Elixir.Phoenix.Ecto.CheckRepoStatus','-call/2-fun-0-',3,[{file,"lib/phoenix_ecto/check_repo_status.ex"},{line,27}]},{'Elixir.Enum','-reduce/3-lists^foldl/2-0-',3,[{file,"lib/enum.ex"},{line,2193}]},{'Elixir.Phoenix.Ecto.CheckRepoStatus',call,...},...]},...},...}
2021-07-11 14:19:38.106 [info] <0.44.0> Application logger started on node nonode@nohost
2021-07-11 14:19:38.113 [info] <0.44.0> Application runtime_tools started on node nonode@nohost
2021-07-11 14:19:38.113 [info] <0.44.0> Application xmerl started on node nonode@nohost
2021-07-11 14:19:38.128 [info] <0.44.0> Application sasl started on node nonode@nohost
2021-07-11 14:19:38.129 [info] <0.44.0> Application tools started on node nonode@nohost
2021-07-11 14:19:38.129 [info] <0.44.0> Application jsx started on node nonode@nohost
2021-07-11 14:19:38.129 [info] <0.44.0> Application recon started on node nonode@nohost
2021-07-11 14:19:38.217 [info] <0.44.0> Application credentials_obfuscation started on node nonode@nohost
2021-07-11 14:19:38.217 [info] <0.44.0> Application rabbit_common started on node nonode@nohost
2021-07-11 14:19:38.232 [info] <0.44.0> Application amqp_client started on node nonode@nohost
2021-07-11 14:19:38.244 [info] <0.44.0> Application amqp started on node nonode@nohost
2021-07-11 14:19:38.244 [info] <0.44.0> Application decimal started on node nonode@nohost
2021-07-11 14:19:38.249 [info] <0.44.0> Application ecto started on node nonode@nohost
2021-07-11 14:19:38.251 [info] <0.44.0> Application phoenix_ecto started on node nonode@nohost
2021-07-11 14:19:38.251 [info] <0.44.0> Application connection started on node nonode@nohost
2021-07-11 14:19:38.263 [info] <0.44.0> Application db_connection started on node nonode@nohost
2021-07-11 14:19:38.265 [info] <0.44.0> Application ecto_sql started on node nonode@nohost
2021-07-11 14:19:38.293 [info] <0.44.0> Application postgrex started on node nonode@nohost
2021-07-11 14:19:38.293 [info] <0.44.0> Application phoenix_html started on node nonode@nohost
2021-07-11 14:19:38.295 [info] <0.44.0> Application phoenix_live_view started on node nonode@nohost
2021-07-11 14:19:38.296 [info] <0.44.0> Application telemetry_metrics started on node nonode@nohost
2021-07-11 14:19:38.305 [info] <0.44.0> Application phoenix_live_dashboard started on node nonode@nohost
2021-07-11 14:19:38.318 [info] <0.44.0> Application telemetry_poller started on node nonode@nohost
2021-07-11 14:19:38.319 [info] <0.44.0> Application jason started on node nonode@nohost
2021-07-11 14:19:38.319 [info] <0.44.0> Application cowlib started on node nonode@nohost
2021-07-11 14:19:38.334 [info] <0.44.0> Application ranch started on node nonode@nohost
2021-07-11 14:19:38.347 [info] <0.44.0> Application cowboy started on node nonode@nohost
2021-07-11 14:19:38.348 [info] <0.44.0> Application cowboy_telemetry started on node nonode@nohost
2021-07-11 14:19:38.352 [info] <0.44.0> Application plug_cowboy started on node nonode@nohost
2021-07-11 14:19:38.352 [info] <0.44.0> Application json started on node nonode@nohost
2021-07-11 14:19:38.581 [info] <0.44.0> Application cz_health started on node nonode@nohost
